<?xml version="1.0" encoding="UTF-8"?>
<testsuite name="com.tekion.jiraassignment.JiraassignmentApplicationTests" tests="1" skipped="0" failures="0" errors="0" timestamp="2023-11-28T11:20:43" hostname="MBP-Y4QL0Y2KP9" time="0.465">
  <properties/>
  <testcase name="contextLoads()" classname="com.tekion.jiraassignment.JiraassignmentApplicationTests" time="0.465"/>
  <system-out><![CDATA[16:50:42.554 [Test worker] INFO org.springframework.test.context.support.AnnotationConfigContextLoaderUtils -- Could not detect default configuration classes for test class [com.tekion.jiraassignment.JiraassignmentApplicationTests]: JiraassignmentApplicationTests does not declare any static, non-private, non-final, nested classes annotated with @Configuration.
16:50:42.603 [Test worker] INFO org.springframework.boot.test.context.SpringBootTestContextBootstrapper -- Found @SpringBootConfiguration com.tekion.jiraassignment.JiraassignmentApplication for test class com.tekion.jiraassignment.JiraassignmentApplicationTests

  .   ____          _            __ _ _
 /\\ / ___'_ __ _ _(_)_ __  __ _ \ \ \ \
( ( )\___ | '_ | '_| | '_ \/ _` | \ \ \ \
 \\/  ___)| |_)| | | | | || (_| |  ) ) ) )
  '  |____| .__|_| |_|_| |_\__, | / / / /
 =========|_|==============|___/=/_/_/_/
 :: Spring Boot ::                (v3.2.0)

2023-11-28T16:50:42.766+05:30  INFO 97553 --- [    Test worker] c.t.j.JiraassignmentApplicationTests     : Starting JiraassignmentApplicationTests using Java 20.0.2.1 with PID 97553 (started by ysingla in /Users/ysingla/Downloads/jiraassignment)
2023-11-28T16:50:42.767+05:30  INFO 97553 --- [    Test worker] c.t.j.JiraassignmentApplicationTests     : No active profile set, falling back to 1 default profile: "default"
2023-11-28T16:50:43.037+05:30  INFO 97553 --- [    Test worker] .s.d.r.c.RepositoryConfigurationDelegate : Bootstrapping Spring Data MongoDB repositories in DEFAULT mode.
2023-11-28T16:50:43.068+05:30  INFO 97553 --- [    Test worker] .s.d.r.c.RepositoryConfigurationDelegate : Finished Spring Data repository scanning in 29 ms. Found 2 MongoDB repository interfaces.
2023-11-28T16:50:43.239+05:30  INFO 97553 --- [    Test worker] org.mongodb.driver.client                : MongoClient with metadata {"driver": {"name": "mongo-java-driver|sync|spring-boot", "version": "4.11.1"}, "os": {"type": "Darwin", "name": "Mac OS X", "architecture": "aarch64", "version": "13.6.2"}, "platform": "Java/Amazon.com Inc./20.0.2.1+10-FR"} created with settings MongoClientSettings{readPreference=primary, writeConcern=WriteConcern{w=null, wTimeout=null ms, journal=null}, retryWrites=true, retryReads=true, readConcern=ReadConcern{level=null}, credential=null, transportSettings=null, streamFactoryFactory=null, commandListeners=[], codecRegistry=ProvidersCodecRegistry{codecProviders=[ValueCodecProvider{}, BsonValueCodecProvider{}, DBRefCodecProvider{}, DBObjectCodecProvider{}, DocumentCodecProvider{}, CollectionCodecProvider{}, IterableCodecProvider{}, MapCodecProvider{}, GeoJsonCodecProvider{}, GridFSFileCodecProvider{}, Jsr310CodecProvider{}, JsonObjectCodecProvider{}, BsonCodecProvider{}, EnumCodecProvider{}, com.mongodb.client.model.mql.ExpressionCodecProvider@7f287b98, com.mongodb.Jep395RecordCodecProvider@4684240f, com.mongodb.KotlinCodecProvider@32120956]}, loggerSettings=LoggerSettings{maxDocumentLength=1000}, clusterSettings={hosts=[localhost:27017], srvServiceName=mongodb, mode=SINGLE, requiredClusterType=UNKNOWN, requiredReplicaSetName='null', serverSelector='null', clusterListeners='[]', serverSelectionTimeout='30000 ms', localThreshold='15 ms'}, socketSettings=SocketSettings{connectTimeoutMS=10000, readTimeoutMS=0, receiveBufferSize=0, proxySettings=ProxySettings{host=null, port=null, username=null, password=null}}, heartbeatSocketSettings=SocketSettings{connectTimeoutMS=10000, readTimeoutMS=10000, receiveBufferSize=0, proxySettings=ProxySettings{host=null, port=null, username=null, password=null}}, connectionPoolSettings=ConnectionPoolSettings{maxSize=100, minSize=0, maxWaitTimeMS=120000, maxConnectionLifeTimeMS=0, maxConnectionIdleTimeMS=0, maintenanceInitialDelayMS=0, maintenanceFrequencyMS=60000, connectionPoolListeners=[], maxConnecting=2}, serverSettings=ServerSettings{heartbeatFrequencyMS=10000, minHeartbeatFrequencyMS=500, serverListeners='[]', serverMonitorListeners='[]'}, sslSettings=SslSettings{enabled=false, invalidHostNameAllowed=false, context=null}, applicationName='null', compressorList=[], uuidRepresentation=JAVA_LEGACY, serverApi=null, autoEncryptionSettings=null, dnsClient=null, inetAddressResolver=null, contextProvider=null}
2023-11-28T16:50:43.258+05:30  INFO 97553 --- [localhost:27017] org.mongodb.driver.cluster               : Monitor thread successfully connected to server with description ServerDescription{address=localhost:27017, type=STANDALONE, state=CONNECTED, ok=true, minWireVersion=0, maxWireVersion=21, maxDocumentSize=16777216, logicalSessionTimeoutMinutes=30, roundTripTimeNanos=16722500}
2023-11-28T16:50:43.587+05:30  INFO 97553 --- [    Test worker] c.t.j.JiraassignmentApplicationTests     : Started JiraassignmentApplicationTests in 0.922 seconds (process running for 1.453)
]]></system-out>
  <system-err><![CDATA[]]></system-err>
</testsuite>
